Entering main program
Entering global const part
	Const declare
	Added to symbol table
	Const declare
	Added to symbol table
Entering global type part
Entering global var part
Entering global routine part
Entering function test1
Entering const part of function test1
Entering type part of function test1
Entering var part of function test1
Entering routine part of function test1
Entering body part of function test1
	Sysfunc WRITE
Leaving function test1
Entering function test2
Entering const part of function test2
Entering type part of function test2
Entering var part of function test2
Entering routine part of function test2
Entering body part of function test2
	Sysfunc WRITE
	Sysfunc SQRT
Leaving function test2
Entering function test3
Entering const part of function test3
Entering type part of function test3
Entering var part of function test3
Entering routine part of function test3
Entering body part of function test3
	Sysfunc WRITE
Leaving function test3
Entering global body part
